TN:
SF:script/DeployAll.s.sol
FN:18,DeployAll.setUp
FNDA:0,DeployAll.setUp
DA:20,0
DA:21,0
DA:22,0
DA:23,0
FN:26,DeployAll.run
FNDA:0,DeployAll.run
DA:35,0
DA:36,0
DA:38,0
DA:39,0
DA:41,0
DA:42,0
DA:44,0
DA:45,0
DA:47,0
DA:48,0
DA:50,0
DA:51,0
DA:52,0
DA:54,0
FNF:2
FNH:0
LF:18
LH:0
BRF:0
BRH:0
end_of_record
TN:
SF:src/EIP712.sol
FN:19,EIP712.
FNDA:81,EIP712.
DA:20,81
DA:21,81
FN:26,EIP712.DOMAIN_SEPARATOR
FNDA:1046,EIP712.DOMAIN_SEPARATOR
DA:27,1570
FN:33,EIP712._buildDomainSeparator
FNDA:83,EIP712._buildDomainSeparator
DA:34,83
FN:38,EIP712._hashTypedData
FNDA:524,EIP712._hashTypedData
DA:39,524
FNF:4
FNH:4
LF:5
LH:5
BRF:0
BRH:0
end_of_record
TN:
SF:src/JobRegistry.sol
FN:34,JobRegistry.
FNDA:81,JobRegistry.
DA:35,81
DA:36,81
FN:48,JobRegistry.createJob
FNDA:2870,JobRegistry.createJob
DA:55,782
BRDA:55,0,0,782
DA:56,782
BRDA:56,1,0,259
DA:57,523
DA:58,522
DA:61,2610
DA:62,2610
DA:64,2610
DA:65,2351
DA:67,2092
DA:68,2092
DA:69,2092
DA:71,2092
DA:75,262
BRDA:75,2,0,262
DA:76,262
DA:77,262
DA:80,2092
DA:91,2
BRDA:91,3,0,2
BRDA:91,3,1,1
DA:92,2
DA:93,2
BRDA:93,4,0,1
DA:94,1
DA:96,2090
DA:99,2091
DA:101,2091
FN:109,JobRegistry.execute
FNDA:521,JobRegistry.execute
DA:115,521
DA:118,521
BRDA:118,5,0,1
DA:122,520
BRDA:122,6,0,1
DA:123,1
DA:126,519
DA:127,519
DA:129,519
DA:131,519
DA:132,519
DA:134,519
DA:138,519
DA:139,519
DA:141,519
DA:143,519
DA:145,519
DA:147,519
DA:151,519
DA:153,519
FN:160,JobRegistry.deleteJob
FNDA:780,JobRegistry.deleteJob
DA:161,780
DA:163,780
DA:164,780
DA:168,780
DA:170,259
BRDA:170,7,0,259
DA:171,259
DA:173,521
DA:176,521
DA:177,521
DA:179,521
DA:180,262
DA:181,259
DA:182,259
FN:191,JobRegistry.revokeSponsorship
FNDA:261,JobRegistry.revokeSponsorship
DA:192,261
DA:193,261
BRDA:193,8,0,259
DA:194,2
FN:202,JobRegistry.addExecutionModule
FNDA:32,JobRegistry.addExecutionModule
DA:203,32
FN:211,JobRegistry.addFeeModule
FNDA:554,JobRegistry.addFeeModule
DA:212,554
FN:223,JobRegistry.updateFeeModule
FNDA:522,JobRegistry.updateFeeModule
DA:229,522
DA:230,522
BRDA:230,9,0,259
DA:231,261
BRDA:231,10,0,261
BRDA:231,10,1,2
DA:232,261
BRDA:232,11,0,259
DA:233,2
DA:234,2
DA:235,2
DA:237,2
DA:240,4
DA:241,4
BRDA:241,12,0,1
DA:242,1
DA:245,3
DA:246,3
BRDA:246,13,0,2
BRDA:246,13,1,1
DA:248,2
DA:249,2
DA:252,1
DA:253,1
DA:254,1
DA:255,1
DA:256,1
FN:264,JobRegistry.updateProtocolFeeRatio
FNDA:518,JobRegistry.updateProtocolFeeRatio
DA:265,259
FN:273,JobRegistry.withdrawProtocolFee
FNDA:518,JobRegistry.withdrawProtocolFee
DA:274,259
FN:281,JobRegistry.getJobsArrayLength
FNDA:2,JobRegistry.getJobsArrayLength
DA:282,2
FN:293,JobRegistry.invalidateUnorderedNonces
FNDA:1038,JobRegistry.invalidateUnorderedNonces
DA:294,1038
DA:295,1038
FN:307,JobRegistry.bitmapPositions
FNDA:1587,JobRegistry.bitmapPositions
DA:308,1587
DA:309,1587
FN:318,JobRegistry._useUnorderedNonce
FNDA:1587,JobRegistry._useUnorderedNonce
DA:319,1587
DA:320,1587
DA:321,1587
DA:323,1587
BRDA:323,14,0,273
FNF:14
FNH:14
LF:92
LH:92
BRF:18
BRH:18
end_of_record
TN:
SF:src/Staking.sol
FN:52,Staking.
FNDA:11,Staking.
DA:55,11
BRDA:55,0,0,-
BRDA:55,0,1,11
DA:59,11
BRDA:59,1,0,-
BRDA:59,1,1,11
DA:63,11
DA:64,11
DA:65,11
DA:66,11
DA:67,11
DA:68,11
DA:69,11
DA:70,11
DA:71,11
DA:72,11
DA:73,11
DA:75,11
DA:76,11
FN:79,Staking.stake
FNDA:523,Staking.stake
DA:81,523
BRDA:81,2,0,1
DA:83,522
DA:85,522
DA:86,522
DA:88,522
FN:91,Staking.unstake
FNDA:3,Staking.unstake
DA:93,3
BRDA:93,3,0,-
DA:94,3
DA:95,3
BRDA:95,4,0,1
DA:96,2
DA:99,1
BRDA:99,5,0,1
DA:100,1
DA:101,1
DA:102,1
DA:104,2
FN:107,Staking.topup
FNDA:519,Staking.topup
DA:108,519
DA:109,519
BRDA:109,6,0,1
DA:110,518
DA:111,518
DA:112,518
BRDA:112,7,0,259
DA:113,259
DA:114,259
DA:115,259
FN:119,Staking._activateStaker
FNDA:781,Staking._activateStaker
DA:120,781
BRDA:120,8,0,-
BRDA:120,8,1,-
DA:122,0
DA:125,781
FN:129,Staking._deactivateStaker
FNDA:260,Staking._deactivateStaker
DA:130,260
DA:131,260
DA:132,260
DA:133,260
FN:136,Staking.slash
FNDA:777,Staking.slash
DA:138,777
BRDA:138,9,0,-
DA:139,777
BRDA:139,10,0,-
DA:140,259
BRDA:140,11,0,259
DA:142,518
DA:143,518
DA:144,518
DA:145,518
DA:147,518
BRDA:147,12,0,259
DA:149,259
DA:150,259
DA:151,259
DA:152,259
DA:155,518
DA:156,518
FN:159,Staking.fulfillRandomWords
FNDA:0,Staking.fulfillRandomWords
DA:160,0
BRDA:160,13,0,-
DA:163,0
BRDA:163,14,0,-
DA:164,0
BRDA:164,15,0,-
DA:165,0
DA:166,0
DA:180,0
DA:181,0
FN:184,Staking.requestRound
FNDA:0,Staking.requestRound
DA:185,0
BRDA:185,16,0,-
DA:186,0
BRDA:186,17,0,-
DA:187,0
DA:188,0
DA:198,0
FNF:9
FNH:7
LF:70
LH:57
BRF:21
BRH:9
end_of_record
TN:
SF:src/executionModules/RegularTimeInterval.sol
FN:13,RegularTimeInterval.
FNDA:17,RegularTimeInterval.
DA:14,17
FN:17,RegularTimeInterval.onlyJobRegistry
FNDA:1815,RegularTimeInterval.onlyJobRegistry
DA:18,1815
BRDA:18,0,0,259
FN:28,RegularTimeInterval.onExecuteJob
FNDA:1036,RegularTimeInterval.onExecuteJob
DA:34,777
DA:35,777
DA:36,777
BRDA:36,1,0,259
DA:37,518
DA:39,518
DA:41,518
BRDA:41,2,0,259
DA:42,259
DA:44,259
DA:46,259
FN:56,RegularTimeInterval.onCreateJob
FNDA:1815,RegularTimeInterval.onCreateJob
DA:62,1556
DA:63,1556
DA:65,1556
DA:66,1556
DA:68,1556
BRDA:68,3,0,1
DA:70,1555
DA:71,1296
BRDA:71,4,0,1296
BRDA:71,4,1,259
DA:72,1296
DA:74,259
DA:76,1555
FN:83,RegularTimeInterval.onDeleteJob
FNDA:260,RegularTimeInterval.onDeleteJob
DA:84,1
FN:93,RegularTimeInterval.jobIsExpired
FNDA:518,RegularTimeInterval.jobIsExpired
DA:94,518
DA:96,518
FN:106,RegularTimeInterval.jobIsInExecutionMode
FNDA:777,RegularTimeInterval.jobIsInExecutionMode
DA:107,777
DA:108,777
DA:109,777
DA:112,777
DA:113,777
DA:115,777
FN:123,RegularTimeInterval.getEncodedData
FNDA:259,RegularTimeInterval.getEncodedData
DA:124,259
DA:125,259
FNF:8
FNH:8
LF:32
LH:32
BRF:6
BRH:6
end_of_record
TN:
SF:src/feeModules/LinearAuction.sol
FN:14,LinearAuction.
FNDA:11,LinearAuction.
DA:15,11
FN:18,LinearAuction.onlyJobRegistry
FNDA:521,LinearAuction.onlyJobRegistry
DA:19,521
BRDA:19,0,0,259
FN:30,LinearAuction.onExecuteJob
FNDA:519,LinearAuction.onExecuteJob
DA:37,260
DA:39,260
DA:41,260
DA:43,260
DA:45,260
DA:46,260
DA:48,260
FN:57,LinearAuction.onCreateJob
FNDA:521,LinearAuction.onCreateJob
DA:58,262
DA:59,262
DA:60,262
DA:62,262
DA:63,262
DA:64,262
DA:67,262
BRDA:67,1,0,1
DA:69,261
FN:82,LinearAuction.onUpdateData
FNDA:777,LinearAuction.onUpdateData
DA:83,518
DA:84,518
DA:85,518
DA:87,518
DA:88,518
DA:89,518
DA:91,518
BRDA:91,2,0,259
DA:93,259
DA:94,259
DA:95,259
DA:96,259
FN:103,LinearAuction.onDeleteJob
FNDA:260,LinearAuction.onDeleteJob
DA:104,1
FN:112,LinearAuction.getEncodedData
FNDA:259,LinearAuction.getEncodedData
DA:113,259
DA:114,259
FNF:7
FNH:7
LF:31
LH:31
BRF:3
BRH:3
end_of_record
TN:
SF:src/feeModules/PeggedLinearAuction.sol
FN:18,PeggedLinearAuction.
FNDA:10,PeggedLinearAuction.
DA:19,10
FN:22,PeggedLinearAuction.onlyJobRegistry
FNDA:262,PeggedLinearAuction.onlyJobRegistry
DA:23,262
BRDA:23,0,0,259
FN:36,PeggedLinearAuction.onExecuteJob
FNDA:260,PeggedLinearAuction.onExecuteJob
DA:43,1
DA:46,1
DA:49,1
DA:51,1
DA:53,1
DA:55,1
DA:57,1
DA:60,1
DA:61,1
DA:63,1
DA:64,1
DA:66,1
FN:75,PeggedLinearAuction.onCreateJob
FNDA:262,PeggedLinearAuction.onCreateJob
DA:76,3
DA:77,3
DA:78,3
DA:79,3
DA:80,3
DA:81,3
DA:84,3
BRDA:84,1,0,1
DA:86,2
FN:99,PeggedLinearAuction.onDeleteJob
FNDA:260,PeggedLinearAuction.onDeleteJob
DA:100,1
FN:109,PeggedLinearAuction.onUpdateData
FNDA:777,PeggedLinearAuction.onUpdateData
DA:110,518
DA:111,518
DA:112,518
DA:113,518
DA:114,518
DA:115,518
DA:118,518
BRDA:118,2,0,259
DA:120,259
DA:121,259
DA:122,259
DA:123,259
DA:124,259
DA:125,259
FN:133,PeggedLinearAuction.getEncodedData
FNDA:259,PeggedLinearAuction.getEncodedData
DA:134,259
DA:135,259
FNF:7
FNH:7
LF:38
LH:38
BRF:3
BRH:3
end_of_record
TN:
SF:src/libraries/FeeModuleInputHash.sol
FN:11,FeeModuleInputHash.hash
FNDA:2,FeeModuleInputHash.hash
DA:12,2
FNF:1
FNH:1
LF:1
LH:1
BRF:0
BRH:0
end_of_record
TN:
SF:src/libraries/JobSpecificationHash.sol
FN:11,JobSpecificationHash.hash
FNDA:522,JobSpecificationHash.hash
DA:12,522
FNF:1
FNH:1
LF:1
LH:1
BRF:0
BRH:0
end_of_record
TN:
SF:src/libraries/SignatureVerification.sol
FN:21,SignatureVerification.verify
FNDA:2337,SignatureVerification.verify
DA:22,2337
DA:23,2337
DA:24,2337
DA:26,2337
BRDA:26,0,0,1819
BRDA:26,0,1,259
DA:27,1819
BRDA:27,1,0,1301
BRDA:27,1,1,259
DA:28,1301
DA:29,1301
DA:30,518
BRDA:30,2,0,259
BRDA:30,2,1,259
DA:32,259
DA:33,259
DA:34,259
DA:35,259
DA:37,259
DA:39,1560
DA:40,1560
BRDA:40,3,0,259
DA:41,1301
BRDA:41,4,0,259
DA:43,518
DA:44,518
BRDA:44,5,0,259
FNF:1
FNH:1
LF:18
LH:18
BRF:9
BRH:9
end_of_record
TN:
SF:test/SignatureVerification.t.sol
FN:13,Verifier.
FNDA:7,Verifier.
FN:15,Verifier.verifySig
FNDA:1813,Verifier.verifySig
DA:16,1813
FNF:2
FNH:2
LF:1
LH:1
BRF:0
BRH:0
end_of_record
TN:
SF:test/mocks/MockERC1271.sol
FN:11,MockERC1271.isValidSignature
FNDA:518,MockERC1271.isValidSignature
DA:12,259
BRDA:12,0,0,259
DA:13,259
DA:15,259
FN:18,MockERC1271.setReturnValidSignature
FNDA:259,MockERC1271.setReturnValidSignature
DA:19,259
FNF:2
FNH:2
LF:4
LH:4
BRF:1
BRH:1
end_of_record
TN:
SF:test/mocks/MockERC20.sol
FN:7,MockERC20.
FNDA:86,MockERC20.
FN:9,MockERC20.mint
FNDA:258,MockERC20.mint
DA:10,258
FNF:2
FNH:2
LF:1
LH:1
BRF:0
BRH:0
end_of_record
TN:
SF:test/mocks/MockJobRegistry.sol
FN:8,MockJobRegistry.
FNDA:9,MockJobRegistry.
FN:12,MockJobRegistry.useUnorderedNonce
FNDA:1062,MockJobRegistry.useUnorderedNonce
DA:13,1062
FNF:2
FNH:2
LF:1
LH:1
BRF:0
BRH:0
end_of_record
TN:
SF:test/mocks/MockLinearAuction.sol
FN:9,MockLinearAuction.
FNDA:11,MockLinearAuction.
FN:12,MockLinearAuction.setJobParams
FNDA:518,MockLinearAuction.setJobParams
DA:18,518
FNF:2
FNH:2
LF:1
LH:1
BRF:0
BRH:0
end_of_record
TN:
SF:test/mocks/MockPeggedLinearAuction.sol
FN:10,MockPeggedLinearAuction.
FNDA:10,MockPeggedLinearAuction.
FN:13,MockPeggedLinearAuction.setJobParams
FNDA:518,MockPeggedLinearAuction.setJobParams
DA:21,518
FNF:2
FNH:2
LF:1
LH:1
BRF:0
BRH:0
end_of_record
TN:
SF:test/mocks/MockRegularTimeInterval.sol
FN:9,MockRegularTimeInterval.
FNDA:17,MockRegularTimeInterval.
FN:12,MockRegularTimeInterval.setJobParams
FNDA:1554,MockRegularTimeInterval.setJobParams
DA:13,1554
FNF:2
FNH:2
LF:1
LH:1
BRF:0
BRH:0
end_of_record
TN:
SF:test/mocks/MockStaking.sol
FN:8,MockStaking.
FNDA:11,MockStaking.
FN:12,MockStaking.setSelectedIndex
FNDA:777,MockStaking.setSelectedIndex
DA:13,777
BRDA:13,0,0,-
BRDA:13,0,1,777
DA:14,777
FN:17,MockStaking.setExecutedRound
FNDA:777,MockStaking.setExecutedRound
DA:18,777
BRDA:18,1,0,-
BRDA:18,1,1,777
DA:19,777
FN:22,MockStaking.setStakerInfo
FNDA:778,MockStaking.setStakerInfo
DA:23,778
FN:26,MockStaking.setEpochEndBlock
FNDA:777,MockStaking.setEpochEndBlock
DA:27,777
FNF:5
FNH:5
LF:6
LH:6
BRF:4
BRH:2
end_of_record
TN:
SF:test/mocks/dummyContracts/DummyApplication.sol
FN:14,DummyApplication.
FNDA:32,DummyApplication.
DA:15,32
DA:16,32
DA:17,32
FN:20,DummyApplication.onCreateJob
FNDA:2092,DummyApplication.onCreateJob
FN:25,DummyApplication.onDeleteJob
FNDA:521,DummyApplication.onDeleteJob
DA:26,259
BRDA:26,0,0,259
DA:27,259
FN:31,DummyApplication.onExecuteJob
FNDA:781,DummyApplication.onExecuteJob
DA:32,781
FN:35,DummyApplication.setRevertOnDelete
FNDA:259,DummyApplication.setRevertOnDelete
DA:36,259
FNF:5
FNH:5
LF:7
LH:7
BRF:1
BRH:1
end_of_record
TN:
SF:test/mocks/dummyContracts/DummyExecutionModule.sol
FN:17,DummyExecutionModule.
FNDA:32,DummyExecutionModule.
DA:18,32
DA:19,32
DA:20,32
DA:21,32
DA:22,32
FN:25,DummyExecutionModule.onCreateJob
FNDA:2092,DummyExecutionModule.onCreateJob
DA:30,2092
FN:33,DummyExecutionModule.onDeleteJob
FNDA:521,DummyExecutionModule.onDeleteJob
FN:35,DummyExecutionModule.onExecuteJob
FNDA:519,DummyExecutionModule.onExecuteJob
DA:40,519
DA:41,519
FN:44,DummyExecutionModule.jobIsExpired
FNDA:777,DummyExecutionModule.jobIsExpired
DA:45,777
FN:48,DummyExecutionModule.jobIsInExecutionMode
FNDA:4,DummyExecutionModule.jobIsInExecutionMode
DA:49,4
FN:52,DummyExecutionModule.expireJob
FNDA:259,DummyExecutionModule.expireJob
DA:53,259
FN:56,DummyExecutionModule.getEncodedData
FNDA:0,DummyExecutionModule.getEncodedData
DA:57,0
FN:60,DummyExecutionModule.setIsInExecutionMode
FNDA:1,DummyExecutionModule.setIsInExecutionMode
DA:61,1
FN:64,DummyExecutionModule.setInitialExecution
FNDA:262,DummyExecutionModule.setInitialExecution
DA:65,262
FNF:10
FNH:9
LF:14
LH:13
BRF:0
BRH:0
end_of_record
TN:
SF:test/mocks/dummyContracts/DummyFeeModule.sol
FN:18,DummyFeeModule.
FNDA:554,DummyFeeModule.
DA:19,554
DA:20,554
DA:21,554
DA:22,554
FN:25,DummyFeeModule.onCreateJob
FNDA:2093,DummyFeeModule.onCreateJob
FN:27,DummyFeeModule.onDeleteJob
FNDA:522,DummyFeeModule.onDeleteJob
FN:29,DummyFeeModule.onExecuteJob
FNDA:519,DummyFeeModule.onExecuteJob
DA:36,519
DA:37,519
FN:40,DummyFeeModule.onUpdateData
FNDA:2,DummyFeeModule.onUpdateData
FN:42,DummyFeeModule.setExecutionFee
FNDA:518,DummyFeeModule.setExecutionFee
DA:43,518
FN:46,DummyFeeModule.getEncodedData
FNDA:0,DummyFeeModule.getEncodedData
DA:47,0
FNF:7
FNH:6
LF:8
LH:7
BRF:0
BRH:0
end_of_record
TN:
SF:test/mocks/dummyContracts/DummyPriceOracle.sol
FN:11,DummyPriceOracle.
FNDA:10,DummyPriceOracle.
DA:12,10
FN:15,DummyPriceOracle.getPrice
FNDA:1,DummyPriceOracle.getPrice
DA:16,1
FN:19,DummyPriceOracle.setPrice
FNDA:0,DummyPriceOracle.setPrice
DA:20,0
FNF:3
FNH:2
LF:3
LH:2
BRF:0
BRH:0
end_of_record
TN:
SF:test/utils/FeeModuleInputSignature.sol
FN:14,FeeModuleInputSignature.getFeeModuleInputSignature
FNDA:261,FeeModuleInputSignature.getFeeModuleInputSignature
DA:19,261
DA:36,261
DA:37,261
FNF:1
FNH:1
LF:3
LH:3
BRF:0
BRH:0
end_of_record
TN:
SF:test/utils/JobSpecificationSignature.sol
FN:14,JobSpecificationSignature.getJobSpecificationSignature
FNDA:781,JobSpecificationSignature.getJobSpecificationSignature
DA:19,781
DA:40,781
DA:41,781
FNF:1
FNH:1
LF:3
LH:3
BRF:0
BRH:0
end_of_record
TN:
SF:test/utils/SignatureGenerator.sol
FN:9,SignatureGenerator.generateSignature
FNDA:0,SignatureGenerator.generateSignature
DA:10,1295
DA:11,1295
FN:14,SignatureGenerator.generateCompactSignature
FNDA:0,SignatureGenerator.generateCompactSignature
DA:15,259
DA:16,259
DA:17,259
DA:18,259
FN:21,SignatureGenerator._getCompactSignature
FNDA:259,SignatureGenerator._getCompactSignature
DA:26,259
DA:27,259
DA:28,259
FNF:3
FNH:1
LF:9
LH:9
BRF:0
BRH:0
end_of_record
TN:
SF:test/utils/TokenProvider.sol
FN:17,TokenProvider.initializeERC20Tokens
FNDA:0,TokenProvider.initializeERC20Tokens
DA:18,43
DA:19,43
FN:22,TokenProvider.setERC20TestTokens
FNDA:0,TokenProvider.setERC20TestTokens
DA:23,129
DA:24,129
FN:27,TokenProvider.setERC20TestTokenApprovals
FNDA:0,TokenProvider.setERC20TestTokenApprovals
DA:28,118
DA:29,118
DA:30,118
DA:31,118
FNF:3
FNH:0
LF:8
LH:8
BRF:0
BRH:0
end_of_record
