TN:
SF:script/DeployAll.s.sol
FN:22,DeployAll.setUp
FNDA:0,DeployAll.setUp
DA:24,0
DA:25,0
DA:27,0
FN:51,DeployAll.run
FNDA:0,DeployAll.run
DA:61,0
DA:62,0
DA:64,0
DA:65,0
DA:67,0
DA:68,0
DA:70,0
DA:72,0
DA:73,0
DA:75,0
DA:76,0
DA:78,0
DA:79,0
DA:81,0
DA:82,0
DA:83,0
DA:85,0
FNF:2
FNH:0
LF:20
LH:0
BRF:0
BRH:0
end_of_record
TN:
SF:src/EIP712.sol
FN:19,EIP712.
FNDA:86,EIP712.
DA:20,86
DA:21,86
FN:26,EIP712.DOMAIN_SEPARATOR
FNDA:1564,EIP712.DOMAIN_SEPARATOR
DA:27,1564
FN:33,EIP712._buildDomainSeparator
FNDA:88,EIP712._buildDomainSeparator
DA:34,88
FN:38,EIP712._hashTypedData
FNDA:522,EIP712._hashTypedData
DA:39,522
FNF:4
FNH:4
LF:5
LH:5
BRF:0
BRH:0
end_of_record
TN:
SF:src/JobRegistry.sol
FN:38,JobRegistry.
FNDA:86,JobRegistry.
DA:39,86
FN:51,JobRegistry.createJob
FNDA:3381,JobRegistry.createJob
DA:58,779
BRDA:58,0,0,779
DA:59,779
BRDA:59,1,0,258
DA:60,521
DA:61,521
DA:64,3122
BRDA:64,2,0,1
DA:66,3121
DA:67,3121
DA:69,3121
DA:70,2863
DA:72,2863
DA:73,2863
DA:74,2605
DA:76,2605
DA:79,2605
DA:80,4
BRDA:80,3,0,4
DA:81,4
DA:82,4
DA:84,4
BRDA:84,4,0,2
DA:85,2
DA:86,2
BRDA:86,5,0,1
DA:87,1
DA:92,2605
DA:106,2
BRDA:106,6,0,2
BRDA:106,6,1,1
DA:107,2
BRDA:107,7,0,1
DA:108,1
DA:110,2603
DA:113,1
DA:115,0
FN:123,JobRegistry.execute
FNDA:780,JobRegistry.execute
DA:124,780
BRDA:124,8,0,258
DA:125,522
DA:128,522
BRDA:128,9,0,1
DA:129,521
BRDA:129,10,0,1
DA:131,520
DA:132,520
DA:134,520
DA:137,520
DA:138,520
DA:139,520
DA:143,520
DA:144,518
BRDA:144,11,0,518
DA:146,518
DA:148,520
BRDA:148,12,0,2
DA:150,2
DA:152,2
BRDA:152,13,0,1
DA:153,1
DA:157,520
DA:158,520
DA:161,520
DA:163,520
FN:179,JobRegistry.deactivateJob
FNDA:260,JobRegistry.deactivateJob
DA:180,260
DA:181,260
BRDA:181,14,0,258
DA:182,2
DA:184,2
BRDA:184,15,0,1
BRDA:184,15,1,1
DA:185,1
DA:187,1
FN:195,JobRegistry.deleteJob
FNDA:777,JobRegistry.deleteJob
DA:196,777
DA:198,777
DA:199,777
DA:203,777
BRDA:203,16,0,773
DA:204,773
BRDA:204,17,0,257
DA:205,257
DA:207,516
BRDA:207,18,0,258
DA:208,258
DA:211,262
DA:212,262
DA:215,262
DA:216,262
DA:218,262
DA:219,4
DA:220,258
DA:221,258
FN:230,JobRegistry.revokeSponsorship
FNDA:260,JobRegistry.revokeSponsorship
DA:231,260
DA:232,260
BRDA:232,19,0,258
DA:233,2
FN:241,JobRegistry.addExecutionModule
FNDA:37,JobRegistry.addExecutionModule
DA:242,37
FN:250,JobRegistry.addFeeModule
FNDA:557,JobRegistry.addFeeModule
DA:251,557
FN:262,JobRegistry.updateFeeModule
FNDA:520,JobRegistry.updateFeeModule
DA:268,520
DA:269,520
BRDA:269,20,0,258
DA:271,262
DA:272,262
BRDA:272,21,0,1
DA:273,1
DA:275,260
BRDA:275,22,0,260
BRDA:275,22,1,258
DA:276,260
BRDA:276,23,0,258
DA:277,2
DA:278,2
DA:279,2
DA:281,1
DA:284,3
DA:285,3
BRDA:285,24,0,2
BRDA:285,24,1,-
DA:287,2
DA:288,2
DA:291,1
DA:292,1
DA:293,1
DA:294,1
DA:295,1
FN:303,JobRegistry.getJobsArrayLength
FNDA:2,JobRegistry.getJobsArrayLength
DA:304,2
FN:315,JobRegistry.invalidateUnorderedNonces
FNDA:1034,JobRegistry.invalidateUnorderedNonces
DA:316,1034
DA:317,1034
FN:329,JobRegistry.bitmapPositions
FNDA:1581,JobRegistry.bitmapPositions
DA:330,1581
DA:331,1581
FN:340,JobRegistry._useUnorderedNonce
FNDA:1581,JobRegistry._useUnorderedNonce
DA:341,1581
DA:342,1581
DA:343,1581
DA:345,1581
BRDA:345,25,0,272
FNF:13
FNH:13
LF:106
LH:105
BRF:30
BRH:29
end_of_record
TN:
SF:src/Staking.sol
FN:61,Staking.
FNDA:49,Staking.
DA:62,49
BRDA:62,0,0,-
BRDA:62,0,1,-
DA:66,49
DA:67,49
BRDA:67,1,0,-
BRDA:67,1,1,-
DA:69,49
DA:70,49
DA:71,49
DA:72,49
DA:73,49
DA:74,49
BRDA:74,2,0,-
BRDA:74,2,1,-
DA:78,49
BRDA:78,3,0,-
BRDA:78,3,1,-
DA:79,49
DA:80,49
DA:81,49
DA:82,49
DA:83,49
DA:84,49
DA:85,49
DA:86,49
DA:87,49
DA:88,49
FN:101,Staking.executeBatch
FNDA:1804,Staking.executeBatch
DA:108,1804
DA:109,1804
BRDA:109,4,0,1
DA:111,1803
DA:112,1803
DA:113,1286
BRDA:113,5,0,1286
DA:115,1286
DA:118,1286
DA:121,1286
DA:124,1029
BRDA:124,6,0,1029
DA:125,1029
DA:128,1029
DA:130,1029
DA:131,1029
BRDA:131,7,0,256
DA:135,1547
DA:137,1547
DA:138,1547
DA:139,1547
DA:141,1547
DA:144,1546
BRDA:144,8,0,1546
DA:145,1546
DA:149,773
BRDA:149,9,0,773
BRDA:149,9,1,773
DA:150,516
BRDA:150,10,0,516
BRDA:150,10,1,257
DA:153,516
BRDA:153,11,0,258
DA:154,258
DA:156,258
DA:157,258
DA:159,258
BRDA:159,12,0,248
BRDA:159,12,1,10
DA:161,248
DA:164,10
DA:168,257
BRDA:168,13,0,257
DA:169,257
DA:173,774
BRDA:173,14,0,773
DA:175,773
DA:179,773
DA:183,0
FN:192,Staking.stake
FNDA:9291,Staking.stake
DA:194,9291
DA:195,503
DA:196,258
BRDA:196,15,0,258
DA:197,258
DA:199,1
BRDA:199,16,0,1
DA:201,9032
DA:203,9032
DA:210,9032
FN:218,Staking.unstake
FNDA:520,Staking.unstake
DA:220,520
DA:221,491
DA:222,258
BRDA:222,17,0,258
DA:223,258
DA:226,262
DA:227,262
BRDA:227,18,0,1
DA:228,261
DA:229,261
DA:231,260
BRDA:231,19,0,260
DA:232,260
DA:233,260
DA:235,261
FN:243,Staking.topup
FNDA:775,Staking.topup
DA:245,775
DA:246,500
DA:247,258
BRDA:247,20,0,258
DA:248,258
DA:251,517
DA:252,517
BRDA:252,21,0,1
DA:253,516
DA:256,516
DA:258,516
BRDA:258,22,0,258
DA:259,258
DA:260,258
FN:271,Staking.slashRoundInactiveStaker
FNDA:1805,Staking.slashRoundInactiveStaker
DA:272,1805
BRDA:272,23,0,516
DA:273,516
DA:275,1289
BRDA:275,24,0,258
DA:278,1031
DA:281,1031
DA:282,1031
BRDA:282,25,0,257
DA:283,774
BRDA:283,26,0,258
DA:286,516
DA:288,516
FN:297,Staking.slashCommitter
FNDA:1290,Staking.slashCommitter
DA:298,1290
BRDA:298,27,0,516
DA:299,516
DA:301,774
DA:302,774
BRDA:302,28,0,258
DA:303,258
BRDA:303,29,0,258
DA:305,258
DA:306,258
FN:313,Staking.initiateEpoch
FNDA:516,Staking.initiateEpoch
DA:314,516
BRDA:314,30,0,258
DA:317,258
DA:322,258
DA:324,258
DA:325,258
DA:326,258
FN:334,Staking.commit
FNDA:774,Staking.commit
DA:335,774
BRDA:335,31,0,258
DA:336,258
DA:338,516
BRDA:338,32,0,258
DA:340,258
FN:349,Staking.reveal
FNDA:2580,Staking.reveal
DA:351,2580
DA:352,2322
DA:353,516
BRDA:353,33,0,516
DA:354,516
DA:357,2064
BRDA:357,34,0,774
DA:359,1032
DA:360,1032
BRDA:360,35,0,258
DA:361,258
BRDA:361,36,0,258
DA:362,516
BRDA:362,37,0,258
DA:364,258
DA:365,258
FN:368,Staking.setJobRegistry
FNDA:49,Staking.setJobRegistry
DA:369,49
FN:377,Staking._activateStaker
FNDA:9290,Staking._activateStaker
DA:378,9290
BRDA:378,38,0,2
BRDA:378,38,1,9288
DA:380,2
DA:383,9288
DA:387,9290
FN:398,Staking._deactivateStaker
FNDA:518,Staking._deactivateStaker
DA:399,518
DA:402,518
DA:404,518
DA:405,518
DA:406,518
DA:407,0
FN:417,Staking._slash
FNDA:774,Staking._slash
DA:418,774
DA:420,774
BRDA:420,39,0,258
DA:422,258
DA:423,258
DA:424,258
DA:427,774
FN:438,Staking._verifySignature
FNDA:2064,Staking._verifySignature
DA:443,2064
DA:444,2064
DA:445,2064
DA:446,2064
FN:456,Staking._splitSignature
FNDA:2064,Staking._splitSignature
DA:457,2064
BRDA:457,40,0,258
DA:459,0
DA:460,0
DA:461,0
FNF:16
FNH:16
LF:148
LH:143
BRF:49
BRH:41
end_of_record
TN:
SF:src/executionModules/RegularTimeInterval.sol
FN:13,RegularTimeInterval.
FNDA:17,RegularTimeInterval.
DA:14,17
FN:17,RegularTimeInterval.onlyJobRegistry
FNDA:1808,RegularTimeInterval.onlyJobRegistry
DA:18,1808
BRDA:18,0,0,258
FN:28,RegularTimeInterval.onExecuteJob
FNDA:774,RegularTimeInterval.onExecuteJob
DA:34,774
DA:35,774
DA:36,774
BRDA:36,1,0,258
DA:37,516
DA:39,516
DA:41,516
BRDA:41,2,0,258
DA:42,258
DA:44,258
DA:46,258
FN:56,RegularTimeInterval.onCreateJob
FNDA:1550,RegularTimeInterval.onCreateJob
DA:62,1550
DA:63,1550
DA:65,0
DA:66,0
DA:68,1550
BRDA:68,3,0,1
DA:70,1549
DA:71,1291
BRDA:71,4,0,1291
BRDA:71,4,1,258
DA:72,1291
DA:74,258
DA:76,0
FN:83,RegularTimeInterval.onDeleteJob
FNDA:1,RegularTimeInterval.onDeleteJob
DA:84,1
FN:93,RegularTimeInterval.jobIsExpired
FNDA:516,RegularTimeInterval.jobIsExpired
DA:94,516
DA:96,516
FN:106,RegularTimeInterval.jobIsInExecutionMode
FNDA:774,RegularTimeInterval.jobIsInExecutionMode
DA:107,774
DA:108,774
DA:109,774
DA:112,774
DA:113,774
DA:115,774
FN:123,RegularTimeInterval.getEncodedData
FNDA:258,RegularTimeInterval.getEncodedData
DA:124,258
DA:125,258
FNF:8
FNH:8
LF:32
LH:29
BRF:6
BRH:6
end_of_record
TN:
SF:src/feeModules/LinearAuction.sol
FN:14,LinearAuction.
FNDA:11,LinearAuction.
DA:15,11
FN:18,LinearAuction.onlyJobRegistry
FNDA:517,LinearAuction.onlyJobRegistry
DA:19,517
BRDA:19,0,0,258
FN:30,LinearAuction.onExecuteJob
FNDA:259,LinearAuction.onExecuteJob
DA:36,259
DA:38,259
DA:40,259
DA:42,259
DA:44,259
DA:45,259
DA:47,259
FN:56,LinearAuction.onCreateJob
FNDA:261,LinearAuction.onCreateJob
DA:57,261
DA:58,261
DA:59,261
DA:61,0
DA:62,0
DA:63,0
DA:66,261
BRDA:66,1,0,1
DA:68,260
FN:81,LinearAuction.onUpdateData
FNDA:516,LinearAuction.onUpdateData
DA:82,516
DA:83,516
DA:84,516
DA:86,0
DA:87,0
DA:88,0
DA:90,516
BRDA:90,2,0,258
DA:92,258
DA:93,258
DA:94,258
DA:95,258
FN:102,LinearAuction.onDeleteJob
FNDA:1,LinearAuction.onDeleteJob
DA:103,1
FN:111,LinearAuction.getEncodedData
FNDA:258,LinearAuction.getEncodedData
DA:112,258
DA:113,258
FNF:7
FNH:7
LF:31
LH:25
BRF:3
BRH:3
end_of_record
TN:
SF:src/feeModules/PeggedLinearAuction.sol
FN:18,PeggedLinearAuction.
FNDA:10,PeggedLinearAuction.
DA:19,10
FN:22,PeggedLinearAuction.onlyJobRegistry
FNDA:259,PeggedLinearAuction.onlyJobRegistry
DA:23,259
BRDA:23,0,0,258
FN:36,PeggedLinearAuction.onExecuteJob
FNDA:1,PeggedLinearAuction.onExecuteJob
DA:42,1
DA:45,1
DA:48,1
DA:50,1
DA:52,1
DA:54,1
DA:56,1
DA:59,1
DA:60,1
DA:62,1
DA:63,1
DA:65,1
FN:74,PeggedLinearAuction.onCreateJob
FNDA:3,PeggedLinearAuction.onCreateJob
DA:75,3
DA:76,3
DA:77,3
DA:78,3
DA:79,3
DA:80,3
DA:83,3
BRDA:83,1,0,1
DA:85,2
FN:98,PeggedLinearAuction.onDeleteJob
FNDA:1,PeggedLinearAuction.onDeleteJob
DA:99,1
FN:108,PeggedLinearAuction.onUpdateData
FNDA:516,PeggedLinearAuction.onUpdateData
DA:109,516
DA:110,516
DA:111,516
DA:112,516
DA:113,516
DA:114,516
DA:117,516
BRDA:117,2,0,258
DA:119,258
DA:120,258
DA:121,258
DA:122,258
DA:123,258
DA:124,258
FN:132,PeggedLinearAuction.getEncodedData
FNDA:258,PeggedLinearAuction.getEncodedData
DA:133,258
DA:134,258
FNF:7
FNH:7
LF:38
LH:38
BRF:3
BRH:3
end_of_record
TN:
SF:src/libraries/FeeModuleInputHash.sol
FN:11,FeeModuleInputHash.hash
FNDA:2,FeeModuleInputHash.hash
DA:12,2
FNF:1
FNH:1
LF:1
LH:1
BRF:0
BRH:0
end_of_record
TN:
SF:src/libraries/JobSpecificationHash.sol
FN:11,JobSpecificationHash.hash
FNDA:520,JobSpecificationHash.hash
DA:12,520
FNF:1
FNH:1
LF:1
LH:1
BRF:0
BRH:0
end_of_record
TN:
SF:src/libraries/SignatureVerification.sol
FN:21,SignatureVerification.verify
FNDA:2328,SignatureVerification.verify
DA:22,2328
DA:23,2328
DA:24,2328
DA:26,2328
BRDA:26,0,0,1812
BRDA:26,0,1,-
DA:27,1812
BRDA:27,1,0,1296
BRDA:27,1,1,258
DA:28,1296
DA:29,1296
DA:30,516
BRDA:30,2,0,258
BRDA:30,2,1,258
DA:32,258
DA:33,258
DA:34,258
DA:35,258
DA:37,258
DA:39,1296
DA:40,1554
BRDA:40,3,0,258
DA:41,1296
BRDA:41,4,0,258
DA:43,516
DA:44,516
BRDA:44,5,0,258
FNF:1
FNH:1
LF:18
LH:18
BRF:9
BRH:8
end_of_record
TN:
SF:test/SignatureVerification.t.sol
FN:13,Verifier.
FNDA:0,Verifier.
FN:15,Verifier.verifySig
FNDA:1806,Verifier.verifySig
DA:16,1806
FNF:2
FNH:1
LF:1
LH:1
BRF:0
BRH:0
end_of_record
TN:
SF:test/mocks/MockERC1271.sol
FN:11,MockERC1271.isValidSignature
FNDA:516,MockERC1271.isValidSignature
DA:12,258
BRDA:12,0,0,258
DA:13,258
DA:15,258
FN:18,MockERC1271.setReturnValidSignature
FNDA:258,MockERC1271.setReturnValidSignature
DA:19,258
FNF:2
FNH:2
LF:4
LH:4
BRF:1
BRH:1
end_of_record
TN:
SF:test/mocks/MockERC20.sol
FN:7,MockERC20.
FNDA:172,MockERC20.
FN:9,MockERC20.mint
FNDA:614,MockERC20.mint
DA:10,614
FNF:2
FNH:2
LF:1
LH:1
BRF:0
BRH:0
end_of_record
TN:
SF:test/mocks/MockJobRegistry.sol
FN:8,MockJobRegistry.
FNDA:46,MockJobRegistry.
FN:12,MockJobRegistry.setRevertOnExecute
FNDA:0,MockJobRegistry.setRevertOnExecute
DA:13,0
FN:16,MockJobRegistry.useUnorderedNonce
FNDA:1058,MockJobRegistry.useUnorderedNonce
DA:17,1058
FN:20,MockJobRegistry.setInactiveGracePeriodEnds
FNDA:257,MockJobRegistry.setInactiveGracePeriodEnds
DA:21,257
FNF:4
FNH:3
LF:3
LH:2
BRF:0
BRH:0
end_of_record
TN:
SF:test/mocks/MockLinearAuction.sol
FN:9,MockLinearAuction.
FNDA:11,MockLinearAuction.
FN:12,MockLinearAuction.setJobParams
FNDA:516,MockLinearAuction.setJobParams
DA:18,516
FNF:2
FNH:2
LF:1
LH:1
BRF:0
BRH:0
end_of_record
TN:
SF:test/mocks/MockPeggedLinearAuction.sol
FN:10,MockPeggedLinearAuction.
FNDA:10,MockPeggedLinearAuction.
FN:13,MockPeggedLinearAuction.setJobParams
FNDA:516,MockPeggedLinearAuction.setJobParams
DA:21,516
FNF:2
FNH:2
LF:1
LH:1
BRF:0
BRH:0
end_of_record
TN:
SF:test/mocks/MockRegularTimeInterval.sol
FN:9,MockRegularTimeInterval.
FNDA:17,MockRegularTimeInterval.
FN:12,MockRegularTimeInterval.setJobParams
FNDA:1548,MockRegularTimeInterval.setJobParams
DA:13,1548
FNF:2
FNH:2
LF:1
LH:1
BRF:0
BRH:0
end_of_record
TN:
SF:test/mocks/MockStaking.sol
FN:8,MockStaking.
FNDA:49,MockStaking.
FN:10,MockStaking.setSeed
FNDA:513,MockStaking.setSeed
DA:11,513
FN:14,MockStaking.setStakerInfo
FNDA:1291,MockStaking.setStakerInfo
DA:15,1291
FN:18,MockStaking.setEpochEndTime
FNDA:49,MockStaking.setEpochEndTime
DA:19,49
FN:22,MockStaking.getEpochPoolBalance
FNDA:258,MockStaking.getEpochPoolBalance
DA:23,258
FN:26,MockStaking.setEpochPoolBalance
FNDA:516,MockStaking.setEpochPoolBalance
DA:27,516
FN:30,MockStaking.getNextEpochPoolBalance
FNDA:1289,MockStaking.getNextEpochPoolBalance
DA:31,1289
FN:34,MockStaking.setNextEpochPoolBalance
FNDA:0,MockStaking.setNextEpochPoolBalance
DA:35,0
FN:38,MockStaking.getSlashingDuration
FNDA:3040,MockStaking.getSlashingDuration
DA:39,3040
FN:42,MockStaking.setCommitment
FNDA:3354,MockStaking.setCommitment
DA:43,3354
FN:46,MockStaking.setEpoch
FNDA:4128,MockStaking.setEpoch
DA:47,4128
FN:50,MockStaking.setNumberOfActiveStakers
FNDA:257,MockStaking.setNumberOfActiveStakers
DA:51,257
FN:54,MockStaking.getActiveStakersLength
FNDA:2,MockStaking.getActiveStakersLength
DA:55,2
FN:58,MockStaking.getEpochDuration
FNDA:7734,MockStaking.getEpochDuration
DA:59,7734
FN:62,MockStaking.getSelectionPhaseDuration
FNDA:3606,MockStaking.getSelectionPhaseDuration
DA:63,3606
FN:66,MockStaking.getTotalRoundDuration
FNDA:514,MockStaking.getTotalRoundDuration
DA:67,514
FN:70,MockStaking.getNumberOfActiveStakers
FNDA:1032,MockStaking.getNumberOfActiveStakers
DA:71,1032
FNF:17
FNH:16
LF:16
LH:15
BRF:0
BRH:0
end_of_record
TN:
SF:test/mocks/dummyContracts/DummyApplication.sol
FN:15,DummyApplication.
FNDA:37,DummyApplication.
DA:16,37
DA:17,37
DA:18,37
FN:21,DummyApplication.onCreateJob
FNDA:0,DummyApplication.onCreateJob
FN:26,DummyApplication.onDeleteJob
FNDA:262,DummyApplication.onDeleteJob
DA:27,258
BRDA:27,0,0,258
DA:28,258
FN:32,DummyApplication.onExecuteJob
FNDA:524,DummyApplication.onExecuteJob
DA:33,2
BRDA:33,1,0,2
DA:34,2
DA:36,522
FN:39,DummyApplication.getExecutionGasCost
FNDA:520,DummyApplication.getExecutionGasCost
DA:40,520
FN:43,DummyApplication.setRevertOnDelete
FNDA:258,DummyApplication.setRevertOnDelete
DA:44,258
FN:47,DummyApplication.setRevertOnExecute
FNDA:2,DummyApplication.setRevertOnExecute
DA:48,2
FNF:7
FNH:6
LF:11
LH:11
BRF:2
BRH:2
end_of_record
TN:
SF:test/mocks/dummyContracts/DummyExecutionModule.sol
FN:17,DummyExecutionModule.
FNDA:37,DummyExecutionModule.
DA:18,37
DA:19,37
DA:20,37
DA:21,37
DA:22,37
FN:25,DummyExecutionModule.onCreateJob
FNDA:2605,DummyExecutionModule.onCreateJob
DA:30,2605
FN:33,DummyExecutionModule.onDeleteJob
FNDA:0,DummyExecutionModule.onDeleteJob
FN:35,DummyExecutionModule.onExecuteJob
FNDA:520,DummyExecutionModule.onExecuteJob
DA:36,520
DA:37,520
FN:40,DummyExecutionModule.jobIsExpired
FNDA:516,DummyExecutionModule.jobIsExpired
DA:41,516
FN:44,DummyExecutionModule.jobIsInExecutionMode
FNDA:262,DummyExecutionModule.jobIsInExecutionMode
DA:45,262
FN:48,DummyExecutionModule.expireJob
FNDA:258,DummyExecutionModule.expireJob
DA:49,258
FN:52,DummyExecutionModule.getEncodedData
FNDA:0,DummyExecutionModule.getEncodedData
DA:53,0
FN:56,DummyExecutionModule.setIsInExecutionMode
FNDA:1,DummyExecutionModule.setIsInExecutionMode
DA:57,1
FN:60,DummyExecutionModule.setInitialExecution
FNDA:4,DummyExecutionModule.setInitialExecution
DA:61,4
FNF:10
FNH:8
LF:14
LH:13
BRF:0
BRH:0
end_of_record
TN:
SF:test/mocks/dummyContracts/DummyFeeModule.sol
FN:18,DummyFeeModule.
FNDA:557,DummyFeeModule.
DA:19,557
DA:20,557
DA:21,557
DA:22,557
FN:25,DummyFeeModule.onCreateJob
FNDA:0,DummyFeeModule.onCreateJob
FN:27,DummyFeeModule.onDeleteJob
FNDA:0,DummyFeeModule.onDeleteJob
FN:29,DummyFeeModule.onExecuteJob
FNDA:520,DummyFeeModule.onExecuteJob
DA:35,520
DA:36,520
FN:39,DummyFeeModule.onUpdateData
FNDA:0,DummyFeeModule.onUpdateData
FN:41,DummyFeeModule.setExecutionFee
FNDA:516,DummyFeeModule.setExecutionFee
DA:42,516
FN:45,DummyFeeModule.getEncodedData
FNDA:0,DummyFeeModule.getEncodedData
DA:46,0
FNF:7
FNH:3
LF:8
LH:7
BRF:0
BRH:0
end_of_record
TN:
SF:test/mocks/dummyContracts/DummyJobRegistry.sol
FN:11,DummyJobRegistry.setRevertOnExecute
FNDA:1,DummyJobRegistry.setRevertOnExecute
DA:12,1
FN:15,DummyJobRegistry.createJob
FNDA:0,DummyJobRegistry.createJob
DA:22,0
FN:25,DummyJobRegistry.execute
FNDA:1547,DummyJobRegistry.execute
DA:26,1
BRDA:26,0,0,1
DA:27,1
FN:31,DummyJobRegistry.deleteJob
FNDA:0,DummyJobRegistry.deleteJob
FN:32,DummyJobRegistry.deactivateJob
FNDA:0,DummyJobRegistry.deactivateJob
FN:33,DummyJobRegistry.revokeSponsorship
FNDA:0,DummyJobRegistry.revokeSponsorship
FN:34,DummyJobRegistry.addExecutionModule
FNDA:0,DummyJobRegistry.addExecutionModule
FN:35,DummyJobRegistry.addFeeModule
FNDA:0,DummyJobRegistry.addFeeModule
FN:36,DummyJobRegistry.updateFeeModule
FNDA:0,DummyJobRegistry.updateFeeModule
FN:43,DummyJobRegistry.getJobsArrayLength
FNDA:0,DummyJobRegistry.getJobsArrayLength
DA:44,0
FNF:10
FNH:2
LF:5
LH:3
BRF:1
BRH:1
end_of_record
TN:
SF:test/mocks/dummyContracts/DummyPriceOracle.sol
FN:11,DummyPriceOracle.
FNDA:10,DummyPriceOracle.
DA:12,10
FN:15,DummyPriceOracle.getPrice
FNDA:1,DummyPriceOracle.getPrice
DA:16,1
FN:19,DummyPriceOracle.setPrice
FNDA:0,DummyPriceOracle.setPrice
DA:20,0
FNF:3
FNH:2
LF:3
LH:2
BRF:0
BRH:0
end_of_record
TN:
SF:test/utils/FeeModuleInputSignature.sol
FN:14,FeeModuleInputSignature.getFeeModuleInputSignature
FNDA:260,FeeModuleInputSignature.getFeeModuleInputSignature
DA:19,260
DA:36,260
DA:37,260
FNF:1
FNH:1
LF:3
LH:3
BRF:0
BRH:0
end_of_record
TN:
SF:test/utils/JobSpecificationSignature.sol
FN:14,JobSpecificationSignature.getJobSpecificationSignature
FNDA:778,JobSpecificationSignature.getJobSpecificationSignature
DA:19,778
DA:42,778
DA:43,778
FNF:1
FNH:1
LF:3
LH:3
BRF:0
BRH:0
end_of_record
TN:
SF:test/utils/SignatureGenerator.sol
FN:9,SignatureGenerator.generateSignature
FNDA:4386,SignatureGenerator.generateSignature
DA:10,4386
DA:11,4386
FN:14,SignatureGenerator.generateCompactSignature
FNDA:258,SignatureGenerator.generateCompactSignature
DA:15,258
DA:16,258
DA:17,258
DA:18,258
FN:21,SignatureGenerator._getCompactSignature
FNDA:258,SignatureGenerator._getCompactSignature
DA:26,258
DA:27,258
DA:28,258
FNF:3
FNH:3
LF:9
LH:9
BRF:0
BRH:0
end_of_record
TN:
SF:test/utils/TokenProvider.sol
FN:17,TokenProvider.initializeERC20Tokens
FNDA:86,TokenProvider.initializeERC20Tokens
DA:18,86
DA:19,86
FN:22,TokenProvider.setERC20TestTokens
FNDA:307,TokenProvider.setERC20TestTokens
DA:23,307
DA:24,307
FN:27,TokenProvider.setERC20TestTokenApprovals
FNDA:258,TokenProvider.setERC20TestTokenApprovals
DA:28,258
DA:29,258
DA:30,258
DA:31,258
FNF:3
FNH:3
LF:8
LH:8
BRF:0
BRH:0
end_of_record
